mode: set
data-processing-spark-submit/data_processing.go:107.80,112.2 3 1
data-processing-spark-submit/data_processing.go:115.87,118.16 3 1
data-processing-spark-submit/data_processing.go:121.2,121.40 1 1
data-processing-spark-submit/data_processing.go:118.16,120.3 1 1
data-processing-spark-submit/data_processing.go:125.78,129.2 3 1
data-processing-spark-submit/data_processing.go:132.82,138.2 4 1
data-processing-spark-submit/data_processing.go:141.61,144.2 2 1
data-processing-spark-submit/data_processing.go:147.48,148.27 1 0
data-processing-spark-submit/data_processing.go:151.2,153.38 3 0
data-processing-spark-submit/data_processing.go:161.2,161.23 1 0
data-processing-spark-submit/data_processing.go:148.27,150.3 1 0
data-processing-spark-submit/data_processing.go:153.38,154.12 1 0
data-processing-spark-submit/data_processing.go:159.3,159.66 1 0
data-processing-spark-submit/data_processing.go:154.12,156.4 1 0
data-processing-spark-submit/data_processing.go:156.9,158.4 1 0
data-processing-spark-submit/submit.go:69.13,75.16 4 0
data-processing-spark-submit/submit.go:79.2,80.16 2 0
data-processing-spark-submit/submit.go:84.2,85.51 2 0
data-processing-spark-submit/submit.go:89.2,95.16 2 0
data-processing-spark-submit/submit.go:99.2,99.23 1 0
data-processing-spark-submit/submit.go:125.2,130.16 3 0
data-processing-spark-submit/submit.go:144.2,149.12 4 0
data-processing-spark-submit/submit.go:159.2,161.27 3 0
data-processing-spark-submit/submit.go:75.16,77.3 1 0
data-processing-spark-submit/submit.go:80.16,82.3 1 0
data-processing-spark-submit/submit.go:85.51,87.3 1 0
data-processing-spark-submit/submit.go:95.16,97.3 1 0
data-processing-spark-submit/submit.go:99.23,104.37 5 0
data-processing-spark-submit/submit.go:104.37,106.18 2 0
data-processing-spark-submit/submit.go:110.4,110.22 1 0
data-processing-spark-submit/submit.go:113.4,114.35 2 0
data-processing-spark-submit/submit.go:106.18,108.5 1 0
data-processing-spark-submit/submit.go:110.22,112.5 1 0
data-processing-spark-submit/submit.go:114.35,116.19 2 0
data-processing-spark-submit/submit.go:116.19,118.6 1 0
data-processing-spark-submit/submit.go:120.9,122.4 1 0
data-processing-spark-submit/submit.go:130.16,131.44 1 0
data-processing-spark-submit/submit.go:141.3,141.46 1 0
data-processing-spark-submit/submit.go:131.44,132.60 1 0
data-processing-spark-submit/submit.go:132.60,136.5 1 0
data-processing-spark-submit/submit.go:136.10,138.5 1 0
data-processing-spark-submit/submit.go:149.12,152.32 3 0
data-processing-spark-submit/submit.go:155.3,155.40 1 0
data-processing-spark-submit/submit.go:152.32,154.4 1 0
data-processing-spark-submit/submit.go:165.65,167.16 2 1
data-processing-spark-submit/submit.go:170.2,171.51 2 1
data-processing-spark-submit/submit.go:175.2,175.18 1 1
data-processing-spark-submit/submit.go:167.16,169.3 1 1
data-processing-spark-submit/submit.go:171.51,173.3 1 1
data-processing-spark-submit/submit.go:179.28,193.24 4 1
data-processing-spark-submit/submit.go:197.2,197.56 1 1
data-processing-spark-submit/submit.go:216.2,226.16 6 1
data-processing-spark-submit/submit.go:230.2,235.37 2 1
data-processing-spark-submit/submit.go:251.2,252.16 2 1
data-processing-spark-submit/submit.go:255.2,260.39 2 1
data-processing-spark-submit/submit.go:276.2,276.25 1 1
data-processing-spark-submit/submit.go:283.2,283.29 1 1
data-processing-spark-submit/submit.go:290.2,290.20 1 1
data-processing-spark-submit/submit.go:297.2,317.31 5 1
data-processing-spark-submit/submit.go:324.2,324.18 1 1
data-processing-spark-submit/submit.go:193.24,195.3 1 1
data-processing-spark-submit/submit.go:197.56,198.23 1 1
data-processing-spark-submit/submit.go:201.3,209.5 2 1
data-processing-spark-submit/submit.go:198.23,200.4 1 0
data-processing-spark-submit/submit.go:210.8,215.3 1 1
data-processing-spark-submit/submit.go:226.16,228.3 1 0
data-processing-spark-submit/submit.go:235.37,237.17 2 1
data-processing-spark-submit/submit.go:240.3,243.5 1 1
data-processing-spark-submit/submit.go:237.17,239.4 1 0
data-processing-spark-submit/submit.go:244.8,249.3 1 1
data-processing-spark-submit/submit.go:252.16,254.3 1 0
data-processing-spark-submit/submit.go:260.39,262.17 2 1
data-processing-spark-submit/submit.go:265.3,268.5 1 1
data-processing-spark-submit/submit.go:262.17,264.4 1 0
data-processing-spark-submit/submit.go:269.8,274.3 1 1
data-processing-spark-submit/submit.go:276.25,281.3 1 0
data-processing-spark-submit/submit.go:283.29,288.3 1 0
data-processing-spark-submit/submit.go:290.20,292.17 2 1
data-processing-spark-submit/submit.go:292.17,294.4 1 0
data-processing-spark-submit/submit.go:317.31,322.3 1 0
data-processing-spark-submit/submit.go:328.49,333.6 4 0
data-processing-spark-submit/submit.go:381.2,382.12 2 0
data-processing-spark-submit/submit.go:398.2,398.12 1 0
data-processing-spark-submit/submit.go:333.6,334.10 1 0
data-processing-spark-submit/submit.go:335.15,339.18 4 0
data-processing-spark-submit/submit.go:343.4,346.30 3 0
data-processing-spark-submit/submit.go:354.4,354.14 1 0
data-processing-spark-submit/submit.go:355.51,357.18 2 0
data-processing-spark-submit/submit.go:361.4,361.22 1 0
data-processing-spark-submit/submit.go:339.18,341.5 1 0
data-processing-spark-submit/submit.go:346.30,347.59 1 0
data-processing-spark-submit/submit.go:350.5,350.29 1 0
data-processing-spark-submit/submit.go:347.59,349.6 1 0
data-processing-spark-submit/submit.go:351.10,353.5 1 0
data-processing-spark-submit/submit.go:357.18,359.10 2 0
data-processing-spark-submit/submit.go:362.64,363.40 1 0
data-processing-spark-submit/submit.go:365.87,366.21 1 0
data-processing-spark-submit/submit.go:368.26,369.72 1 0
data-processing-spark-submit/submit.go:374.12,375.59 1 0
data-processing-spark-submit/submit.go:369.72,371.6 1 0
data-processing-spark-submit/submit.go:371.11,373.6 1 0
data-processing-spark-submit/submit.go:382.12,383.70 1 0
data-processing-spark-submit/submit.go:383.70,384.11 1 0
data-processing-spark-submit/submit.go:385.34,387.18 2 0
data-processing-spark-submit/submit.go:389.30,391.45 2 0
data-processing-spark-submit/submit.go:392.12,393.18 1 0
data-processing-spark-submit/submit.go:402.52,403.30 1 1
data-processing-spark-submit/submit.go:411.2,411.21 1 1
data-processing-spark-submit/submit.go:403.30,405.30 1 1
data-processing-spark-submit/submit.go:408.3,409.25 2 1
data-processing-spark-submit/submit.go:405.30,406.12 1 0
data-processing-spark-submit/submit.go:415.52,416.33 1 0
data-processing-spark-submit/submit.go:421.2,421.14 1 0
data-processing-spark-submit/submit.go:416.33,417.23 1 0
data-processing-spark-submit/submit.go:417.23,419.4 1 0
data-processing-spark-submit/submit.go:425.76,428.35 3 0
data-processing-spark-submit/submit.go:435.2,435.37 1 0
data-processing-spark-submit/submit.go:439.2,439.27 1 0
data-processing-spark-submit/submit.go:428.35,430.42 2 0
data-processing-spark-submit/submit.go:430.42,432.4 1 0
data-processing-spark-submit/submit.go:435.37,437.3 1 0
data-processing-spark-submit/utils/utils.go:17.58,19.16 2 1
data-processing-spark-submit/utils/utils.go:22.2,23.32 2 1
data-processing-spark-submit/utils/utils.go:26.2,26.24 1 1
data-processing-spark-submit/utils/utils.go:19.16,21.3 1 1
data-processing-spark-submit/utils/utils.go:23.32,25.3 1 1
data-processing-spark-submit/utils/utils.go:31.45,33.16 2 1
data-processing-spark-submit/utils/utils.go:36.2,36.33 1 1
data-processing-spark-submit/utils/utils.go:33.16,35.3 1 1
data-processing-spark-submit/utils/utils.go:40.18,42.30 2 1
data-processing-spark-submit/utils/utils.go:47.2,47.13 1 1
data-processing-spark-submit/utils/utils.go:42.30,43.16 1 1
data-processing-spark-submit/utils/utils.go:43.16,45.4 1 1
data-processing-spark-submit/utils/utils.go:51.45,53.16 2 1
data-processing-spark-submit/utils/utils.go:57.2,57.67 1 1
data-processing-spark-submit/utils/utils.go:61.2,61.22 1 1
data-processing-spark-submit/utils/utils.go:53.16,55.3 1 1
data-processing-spark-submit/utils/utils.go:57.67,59.3 1 1
data-processing-spark-submit/upload/storage.go:15.67,17.18 1 1
data-processing-spark-submit/upload/storage.go:18.15,20.42 2 1
data-processing-spark-submit/upload/storage.go:23.3,23.21 1 1
data-processing-spark-submit/upload/storage.go:24.10,25.70 1 1
data-processing-spark-submit/upload/storage.go:20.42,22.4 1 0
data-processing-spark-submit/upload/swift.go:30.48,41.2 2 1
data-processing-spark-submit/upload/swift.go:43.51,45.32 1 1
data-processing-spark-submit/upload/swift.go:64.2,64.12 1 1
data-processing-spark-submit/upload/swift.go:45.32,47.45 1 1
data-processing-spark-submit/upload/swift.go:47.45,49.4 1 0
data-processing-spark-submit/upload/swift.go:51.8,53.17 2 1
data-processing-spark-submit/upload/swift.go:57.3,57.27 1 1
data-processing-spark-submit/upload/swift.go:53.17,55.4 1 0
data-processing-spark-submit/upload/swift.go:57.27,58.66 1 1
data-processing-spark-submit/upload/swift.go:61.4,61.57 1 1
data-processing-spark-submit/upload/swift.go:58.66,60.5 1 0
data-processing-spark-submit/upload/swift.go:68.48,70.16 2 1
data-processing-spark-submit/upload/swift.go:74.2,75.16 2 1
data-processing-spark-submit/upload/swift.go:79.2,80.16 2 1
data-processing-spark-submit/upload/swift.go:83.2,84.12 2 1
data-processing-spark-submit/upload/swift.go:70.16,72.3 1 0
data-processing-spark-submit/upload/swift.go:75.16,77.3 1 0
data-processing-spark-submit/upload/swift.go:80.16,82.3 1 0
